Using pre-set license
Built from '2020.2/release' branch; Version is '2020.2.1f1 (270dd8c3da1c) revision 2559448'; Using compiler version '192528614'; Build Type 'Release'
OS: 'Windows 10  (10.0.0) 64bit' Language: 'tr' Physical Memory: 8080 MB
BatchMode: 1, IsHumanControllingUs: 0, StartBugReporterOnCrash: 0, Is64bit: 1, IsPro: 0

 COMMAND LINE ARGUMENTS:
C:\Program Files\Unity\Hub\Editor\2020.2.1f1\Editor\Unity.exe
-adb2
-batchMode
-noUpm
-name
AssetImportWorker0
-projectPath
C:/Users/MONSTER/automatic door
-logFile
Logs/AssetImportWorker0.log
-srvPort
56247
Successfully changed project path to: C:/Users/MONSTER/automatic door
C:/Users/MONSTER/automatic door
Using Asset Import Pipeline V2.
Refreshing native plugins compatible for Editor in 36.76 ms, found 0 plugins.
Preloading 0 native plugins for Editor in 0.00 ms.
Initialize engine version: 2020.2.1f1 (270dd8c3da1c)
[Subsystems] Discovering subsystems at path C:/Program Files/Unity/Hub/Editor/2020.2.1f1/Editor/Data/Resources/UnitySubsystems
[Subsystems] Discovering subsystems at path C:/Users/MONSTER/automatic door/Assets
GfxDevice: creating device client; threaded=0
Direct3D:
    Version:  Direct3D 11.0 [level 11.1]
    Renderer: NVIDIA GeForce GTX 1050 (ID=0x1c8d)
    Vendor:   
    VRAM:     4019 MB
    Driver:   26.21.14.3160
Initialize mono
Mono path[0] = 'C:/Program Files/Unity/Hub/Editor/2020.2.1f1/Editor/Data/Managed'
Mono path[1] = 'C:/Program Files/Unity/Hub/Editor/2020.2.1f1/Editor/Data/MonoBleedingEdge/lib/mono/unityjit'
Mono config path = 'C:/Program Files/Unity/Hub/Editor/2020.2.1f1/Editor/Data/MonoBleedingEdge/etc'
Using monoOptions --debugger-agent=transport=dt_socket,embedding=1,server=y,suspend=n,address=127.0.0.1:56240
Begin MonoManager ReloadAssembly
Registering precompiled unity dll's ...
Register platform support module: C:/Program Files/Unity/Hub/Editor/2020.2.1f1/Editor/Data/PlaybackEngines/WebGLSupport/UnityEditor.WebGL.Extensions.dll
Register platform support module: C:/Program Files/Unity/Hub/Editor/2020.2.1f1/Editor/Data/PlaybackEngines/WindowsStandaloneSupport/UnityEditor.WindowsStandalone.Extensions.dll
Registered in 0.002844 seconds.
Native extension for WindowsStandalone target not found
Native extension for WebGL target not found
Refreshing native plugins compatible for Editor in 29.61 ms, found 0 plugins.
Preloading 0 native plugins for Editor in 0.00 ms.
Invoked RoslynAnalysisRunner static constructor.
RoslynAnalysisRunner will not be running.
RoslynAnalysisRunner has terminated.
Mono: successfully reloaded assembly
- Completed reload, in  2.817 seconds
Platform modules already initialized, skipping
Registering precompiled user dll's ...
Registered in 0.000836 seconds.
Begin MonoManager ReloadAssembly
Native extension for WindowsStandalone target not found
Native extension for WebGL target not found
Refreshing native plugins compatible for Editor in 0.21 ms, found 0 plugins.
Preloading 0 native plugins for Editor in 0.00 ms.
Invoked RoslynAnalysisRunner static constructor.
RoslynAnalysisRunner will not be running.
RoslynAnalysisRunner has terminated.
Mono: successfully reloaded assembly
- Completed reload, in  1.119 seconds
Platform modules already initialized, skipping
========================================================================
Worker process is ready to serve import requests
Launched and connected shader compiler UnityShaderCompiler.exe after 0.07 seconds
Refreshing native plugins compatible for Editor in 0.24 ms, found 0 plugins.
Preloading 0 native plugins for Editor in 0.00 ms.
Unloading 1096 Unused Serialized files (Serialized files now loaded: 0)
System memory in use before: 56.7 MB.
System memory in use after: 56.8 MB.

Unloading 10 unused Assets to reduce memory usage. Loaded Objects now: 1537.
Total: 2.064000 ms (FindLiveObjects: 0.151900 ms CreateObjectMapping: 0.078000 ms MarkObjects: 1.771900 ms  DeleteObjects: 0.061400 ms)

========================================================================
Received Import Request.
  path: Assets/leftDoorAnimaion.anim
  artifactKey: Guid(52277a814ce4b5d4a849f37e973d6d63) Importer(815301076,1909f56bfc062723c751e8b465ee728b)
Start importing Assets/leftDoorAnimaion.anim using Guid(52277a814ce4b5d4a849f37e973d6d63) Importer(815301076,1909f56bfc062723c751e8b465ee728b)  -> (artifact id: '7246075f1e609a578b82da3baaf84923') in 0.052959 seconds
  Import took 0.056567 seconds .

========================================================================
Received Import Request.
  Time since last request: 0.000217 seconds.
  path: Assets/Ldoor.controller
  artifactKey: Guid(7f918f1028b21854994cb92fa8a2eaef) Importer(815301076,1909f56bfc062723c751e8b465ee728b)
Start importing Assets/Ldoor.controller using Guid(7f918f1028b21854994cb92fa8a2eaef) Importer(815301076,1909f56bfc062723c751e8b465ee728b)  -> (artifact id: '5a83dc1cc81685ca21198cc8f7f74894') in 0.013445 seconds
  Import took 0.019962 seconds .

========================================================================
Received Import Request.
  Time since last request: 11.909646 seconds.
  path: Assets/Scripts
  artifactKey: Guid(00eeb6cb4c6e2244fbd9de96260df2c0) Importer(815301076,1909f56bfc062723c751e8b465ee728b)
Start importing Assets/Scripts using Guid(00eeb6cb4c6e2244fbd9de96260df2c0) Importer(815301076,1909f56bfc062723c751e8b465ee728b)  -> (artifact id: '03b43a12d8220fdc7c3ea297131a5537') in 0.026106 seconds
  Import took 0.029470 seconds .

========================================================================
Received Prepare
Registering precompiled user dll's ...
Registered in 0.000919 seconds.
Begin MonoManager ReloadAssembly
Native extension for WindowsStandalone target not found
Native extension for WebGL target not found
Refreshing native plugins compatible for Editor in 0.29 ms, found 0 plugins.
Preloading 0 native plugins for Editor in 0.00 ms.
Invoked RoslynAnalysisRunner static constructor.
RoslynAnalysisRunner will not be running.
RoslynAnalysisRunner has terminated.
Mono: successfully reloaded assembly
- Completed reload, in  1.343 seconds
Platform modules already initialized, skipping
Refreshing native plugins compatible for Editor in 0.33 ms, found 0 plugins.
Preloading 0 native plugins for Editor in 0.00 ms.
Unloading 1091 Unused Serialized files (Serialized files now loaded: 0)
System memory in use before: 56.9 MB.
System memory in use after: 57.0 MB.

Unloading 5 unused Assets to reduce memory usage. Loaded Objects now: 1539.
Total: 1.888800 ms (FindLiveObjects: 0.265200 ms CreateObjectMapping: 0.050400 ms MarkObjects: 1.519300 ms  DeleteObjects: 0.052500 ms)

========================================================================
Received Prepare
Registering precompiled user dll's ...
Registered in 0.000800 seconds.
Begin MonoManager ReloadAssembly
Native extension for WindowsStandalone target not found
Native extension for WebGL target not found
Refreshing native plugins compatible for Editor in 0.25 ms, found 0 plugins.
Preloading 0 native plugins for Editor in 0.00 ms.
Invoked RoslynAnalysisRunner static constructor.
RoslynAnalysisRunner will not be running.
RoslynAnalysisRunner has terminated.
Mono: successfully reloaded assembly
- Completed reload, in  1.109 seconds
Platform modules already initialized, skipping
Refreshing native plugins compatible for Editor in 0.24 ms, found 0 plugins.
Preloading 0 native plugins for Editor in 0.00 ms.
Unloading 1091 Unused Serialized files (Serialized files now loaded: 0)
System memory in use before: 57.2 MB.
System memory in use after: 57.3 MB.

Unloading 5 unused Assets to reduce memory usage. Loaded Objects now: 1541.
Total: 1.888900 ms (FindLiveObjects: 0.146500 ms CreateObjectMapping: 0.039700 ms MarkObjects: 1.608100 ms  DeleteObjects: 0.093100 ms)

========================================================================
Received Import Request.
  Time since last request: 17.625646 seconds.
  path: Assets/Materials
  artifactKey: Guid(d68ef07a94e0dd042a90a3503dc059b8) Importer(815301076,1909f56bfc062723c751e8b465ee728b)
Start importing Assets/Materials using Guid(d68ef07a94e0dd042a90a3503dc059b8) Importer(815301076,1909f56bfc062723c751e8b465ee728b)  -> (artifact id: '1d0bb68a49356e65a62a3ee9090ef814') in 0.014435 seconds
  Import took 0.018464 seconds .

========================================================================
Received Import Request.
  Time since last request: 0.002182 seconds.
  path: Assets/Materials
  artifactKey: Guid(d68ef07a94e0dd042a90a3503dc059b8) Importer(815301076,1909f56bfc062723c751e8b465ee728b)
Start importing Assets/Materials using Guid(d68ef07a94e0dd042a90a3503dc059b8) Importer(815301076,1909f56bfc062723c751e8b465ee728b)  -> (artifact id: '1d0bb68a49356e65a62a3ee9090ef814') in 0.011034 seconds
  Import took 0.013816 seconds .

========================================================================
Received Prepare
Registering precompiled user dll's ...
Registered in 0.000893 seconds.
Begin MonoManager ReloadAssembly
Native extension for WindowsStandalone target not found
Native extension for WebGL target not found
Refreshing native plugins compatible for Editor in 0.21 ms, found 0 plugins.
Preloading 0 native plugins for Editor in 0.00 ms.
Invoked RoslynAnalysisRunner static constructor.
RoslynAnalysisRunner will not be running.
RoslynAnalysisRunner has terminated.
Mono: successfully reloaded assembly
- Completed reload, in  1.190 seconds
Platform modules already initialized, skipping
Refreshing native plugins compatible for Editor in 0.24 ms, found 0 plugins.
Preloading 0 native plugins for Editor in 0.00 ms.
Unloading 1091 Unused Serialized files (Serialized files now loaded: 0)
System memory in use before: 57.5 MB.
System memory in use after: 57.5 MB.

Unloading 5 unused Assets to reduce memory usage. Loaded Objects now: 1543.
Total: 3.876400 ms (FindLiveObjects: 1.242200 ms CreateObjectMapping: 0.121700 ms MarkObjects: 2.361900 ms  DeleteObjects: 0.131100 ms)

========================================================================
Received Prepare
Registering precompiled user dll's ...
Registered in 0.001189 seconds.
Begin MonoManager ReloadAssembly
Native extension for WindowsStandalone target not found
Native extension for WebGL target not found
Refreshing native plugins compatible for Editor in 0.31 ms, found 0 plugins.
Preloading 0 native plugins for Editor in 0.00 ms.
Invoked RoslynAnalysisRunner static constructor.
RoslynAnalysisRunner will not be running.
RoslynAnalysisRunner has terminated.
Mono: successfully reloaded assembly
- Completed reload, in  1.045 seconds
Platform modules already initialized, skipping
Refreshing native plugins compatible for Editor in 0.24 ms, found 0 plugins.
Preloading 0 native plugins for Editor in 0.00 ms.
Unloading 1091 Unused Serialized files (Serialized files now loaded: 0)
System memory in use before: 57.5 MB.
System memory in use after: 57.6 MB.

Unloading 5 unused Assets to reduce memory usage. Loaded Objects now: 1545.
Total: 2.882800 ms (FindLiveObjects: 0.174700 ms CreateObjectMapping: 0.058200 ms MarkObjects: 2.531400 ms  DeleteObjects: 0.116600 ms)

========================================================================
Received Prepare
Registering precompiled user dll's ...
Registered in 0.002408 seconds.
Begin MonoManager ReloadAssembly
Native extension for WindowsStandalone target not found
Native extension for WebGL target not found
Refreshing native plugins compatible for Editor in 0.22 ms, found 0 plugins.
Preloading 0 native plugins for Editor in 0.00 ms.
Invoked RoslynAnalysisRunner static constructor.
RoslynAnalysisRunner will not be running.
RoslynAnalysisRunner has terminated.
Mono: successfully reloaded assembly
- Completed reload, in  1.377 seconds
Platform modules already initialized, skipping
Refreshing native plugins compatible for Editor in 0.27 ms, found 0 plugins.
Preloading 0 native plugins for Editor in 0.00 ms.
Unloading 1091 Unused Serialized files (Serialized files now loaded: 0)
System memory in use before: 58.0 MB.
System memory in use after: 58.1 MB.

Unloading 5 unused Assets to reduce memory usage. Loaded Objects now: 1547.
Total: 2.037500 ms (FindLiveObjects: 0.257000 ms CreateObjectMapping: 0.070000 ms MarkObjects: 1.657800 ms  DeleteObjects: 0.051400 ms)

========================================================================
Received Prepare
Registering precompiled user dll's ...
Registered in 0.000894 seconds.
Begin MonoManager ReloadAssembly
Native extension for WindowsStandalone target not found
Native extension for WebGL target not found
Refreshing native plugins compatible for Editor in 0.22 ms, found 0 plugins.
Preloading 0 native plugins for Editor in 0.00 ms.
Invoked RoslynAnalysisRunner static constructor.
RoslynAnalysisRunner will not be running.
RoslynAnalysisRunner has terminated.
Mono: successfully reloaded assembly
- Completed reload, in  1.250 seconds
Platform modules already initialized, skipping
Refreshing native plugins compatible for Editor in 0.24 ms, found 0 plugins.
Preloading 0 native plugins for Editor in 0.00 ms.
Unloading 1091 Unused Serialized files (Serialized files now loaded: 0)
System memory in use before: 58.3 MB.
System memory in use after: 58.3 MB.

Unloading 5 unused Assets to reduce memory usage. Loaded Objects now: 1549.
Total: 1.824100 ms (FindLiveObjects: 0.132800 ms CreateObjectMapping: 0.037700 ms MarkObjects: 1.578100 ms  DeleteObjects: 0.074000 ms)

========================================================================
Received Prepare
Registering precompiled user dll's ...
Registered in 0.002201 seconds.
Begin MonoManager ReloadAssembly
Native extension for WindowsStandalone target not found
Native extension for WebGL target not found
Refreshing native plugins compatible for Editor in 0.27 ms, found 0 plugins.
Preloading 0 native plugins for Editor in 0.00 ms.
Invoked RoslynAnalysisRunner static constructor.
RoslynAnalysisRunner will not be running.
RoslynAnalysisRunner has terminated.
Mono: successfully reloaded assembly
- Completed reload, in  1.134 seconds
Platform modules already initialized, skipping
Refreshing native plugins compatible for Editor in 0.20 ms, found 0 plugins.
Preloading 0 native plugins for Editor in 0.00 ms.
Unloading 1091 Unused Serialized files (Serialized files now loaded: 0)
System memory in use before: 58.5 MB.
System memory in use after: 58.6 MB.

Unloading 5 unused Assets to reduce memory usage. Loaded Objects now: 1551.
Total: 2.737200 ms (FindLiveObjects: 0.170900 ms CreateObjectMapping: 0.038500 ms MarkObjects: 2.436600 ms  DeleteObjects: 0.089800 ms)

========================================================================
Received Prepare
Registering precompiled user dll's ...
Registered in 0.000946 seconds.
Begin MonoManager ReloadAssembly
Native extension for WindowsStandalone target not found
Native extension for WebGL target not found
Refreshing native plugins compatible for Editor in 0.22 ms, found 0 plugins.
Preloading 0 native plugins for Editor in 0.00 ms.
Invoked RoslynAnalysisRunner static constructor.
RoslynAnalysisRunner will not be running.
RoslynAnalysisRunner has terminated.
Mono: successfully reloaded assembly
- Completed reload, in  1.233 seconds
Platform modules already initialized, skipping
Refreshing native plugins compatible for Editor in 0.28 ms, found 0 plugins.
Preloading 0 native plugins for Editor in 0.00 ms.
Unloading 1091 Unused Serialized files (Serialized files now loaded: 0)
System memory in use before: 58.6 MB.
System memory in use after: 58.6 MB.

Unloading 5 unused Assets to reduce memory usage. Loaded Objects now: 1553.
Total: 2.782200 ms (FindLiveObjects: 0.173300 ms CreateObjectMapping: 0.039100 ms MarkObjects: 2.473000 ms  DeleteObjects: 0.095300 ms)

========================================================================
Received Import Request.
  Time since last request: 14842.566827 seconds.
  path: Assets/Materials/ground.mat
  artifactKey: Guid(5b3763e444098ac4787e5bcafc450632) Importer(815301076,1909f56bfc062723c751e8b465ee728b)
Start importing Assets/Materials/ground.mat using Guid(5b3763e444098ac4787e5bcafc450632) Importer(815301076,1909f56bfc062723c751e8b465ee728b)  -> (artifact id: '67273a8fabacf986f6485711b4c5d799') in 0.200077 seconds
  Import took 0.204035 seconds .

========================================================================
Received Import Request.
  Time since last request: 26.937833 seconds.
  path: Assets/Materials/wall.mat
  artifactKey: Guid(f1f205a7a9fcf69418f380ca5b9d382b) Importer(815301076,1909f56bfc062723c751e8b465ee728b)
Start importing Assets/Materials/wall.mat using Guid(f1f205a7a9fcf69418f380ca5b9d382b) Importer(815301076,1909f56bfc062723c751e8b465ee728b)  -> (artifact id: '142c87c5799405cdfa98af0823eb9767') in 0.045834 seconds
  Import took 0.049794 seconds .

========================================================================
Received Prepare
Registering precompiled user dll's ...
Registered in 0.000728 seconds.
Begin MonoManager ReloadAssembly
Native extension for WindowsStandalone target not found
Native extension for WebGL target not found
Refreshing native plugins compatible for Editor in 0.25 ms, found 0 plugins.
Preloading 0 native plugins for Editor in 0.00 ms.
Invoked RoslynAnalysisRunner static constructor.
RoslynAnalysisRunner will not be running.
RoslynAnalysisRunner has terminated.
Mono: successfully reloaded assembly
- Completed reload, in  1.015 seconds
Platform modules already initialized, skipping
Refreshing native plugins compatible for Editor in 0.54 ms, found 0 plugins.
Preloading 0 native plugins for Editor in 0.00 ms.
Unloading 1091 Unused Serialized files (Serialized files now loaded: 0)
System memory in use before: 61.3 MB.
System memory in use after: 61.4 MB.

Unloading 5 unused Assets to reduce memory usage. Loaded Objects now: 1595.
Total: 1.983200 ms (FindLiveObjects: 0.130300 ms CreateObjectMapping: 0.037000 ms MarkObjects: 1.738100 ms  DeleteObjects: 0.076800 ms)

========================================================================
Received Import Request.
  Time since last request: 241.506641 seconds.
  path: Assets/Materials/doorGlass.mat
  artifactKey: Guid(b809e22def11ccb42bdd87608a505269) Importer(815301076,1909f56bfc062723c751e8b465ee728b)
Start importing Assets/Materials/doorGlass.mat using Guid(b809e22def11ccb42bdd87608a505269) Importer(815301076,1909f56bfc062723c751e8b465ee728b)  -> (artifact id: '0a3be35a356925dabfb7f3e8525fc854') in 0.107394 seconds
  Import took 0.110034 seconds .

========================================================================
Received Import Request.
  Time since last request: 0.000275 seconds.
  path: Assets/Materials/wall.mat
  artifactKey: Guid(f1f205a7a9fcf69418f380ca5b9d382b) Importer(815301076,1909f56bfc062723c751e8b465ee728b)
Start importing Assets/Materials/wall.mat using Guid(f1f205a7a9fcf69418f380ca5b9d382b) Importer(815301076,1909f56bfc062723c751e8b465ee728b)  -> (artifact id: 'c93cd79b31d4ff576d1a848b760b6926') in 0.021440 seconds
  Import took 0.024143 seconds .

========================================================================
Received Import Request.
  Time since last request: 0.000160 seconds.
  path: Assets/Materials/ground.mat
  artifactKey: Guid(5b3763e444098ac4787e5bcafc450632) Importer(815301076,1909f56bfc062723c751e8b465ee728b)
Start importing Assets/Materials/ground.mat using Guid(5b3763e444098ac4787e5bcafc450632) Importer(815301076,1909f56bfc062723c751e8b465ee728b)  -> (artifact id: '1e4f90cd4ddc8e94bbdce3f142adff4d') in 0.027863 seconds
  Import took 0.030752 seconds .

========================================================================
Received Import Request.
  Time since last request: 40.483565 seconds.
  path: Assets/Bowling Kegel & Ball/Prefabs
  artifactKey: Guid(710aa9f2c4298405cb9449e52f434aa3) Importer(815301076,1909f56bfc062723c751e8b465ee728b)
Start importing Assets/Bowling Kegel & Ball/Prefabs using Guid(710aa9f2c4298405cb9449e52f434aa3) Importer(815301076,1909f56bfc062723c751e8b465ee728b)  -> (artifact id: '36e6ceb98fb6cfd48680203d4d525cc8') in 0.012702 seconds
  Import took 0.018980 seconds .

========================================================================
Received Import Request.
  Time since last request: 0.016890 seconds.
  path: Assets/Bowling Kegel & Ball/Prefabs/Ball.prefab
  artifactKey: Guid(ac1af96fd5e0f4f9e97339b652aa389b) Importer(815301076,1909f56bfc062723c751e8b465ee728b)
Start importing Assets/Bowling Kegel & Ball/Prefabs/Ball.prefab using Guid(ac1af96fd5e0f4f9e97339b652aa389b) Importer(815301076,1909f56bfc062723c751e8b465ee728b)  -> (artifact id: '85f39d4d3fa06561487502d9ca95ea4a') in 0.380123 seconds
  Import took 0.385181 seconds .

========================================================================
Received Import Request.
  Time since last request: 0.000314 seconds.
  path: Assets/Bowling Kegel & Ball/Prefabs/Kegel.prefab
  artifactKey: Guid(4246925f0393c430189bb4ceba36dc8a) Importer(815301076,1909f56bfc062723c751e8b465ee728b)
Start importing Assets/Bowling Kegel & Ball/Prefabs/Kegel.prefab using Guid(4246925f0393c430189bb4ceba36dc8a) Importer(815301076,1909f56bfc062723c751e8b465ee728b)  -> (artifact id: 'd167f39ed5694502b33f10f7c540ecbb') in 0.142798 seconds
  Import took 0.145854 seconds .

========================================================================
Received Import Request.
  Time since last request: 0.000334 seconds.
  path: Assets/Bowling Kegel & Ball/Prefabs/Floor.prefab
  artifactKey: Guid(5175215abd476495a9f9738b2ab104ec) Importer(815301076,1909f56bfc062723c751e8b465ee728b)
Start importing Assets/Bowling Kegel & Ball/Prefabs/Floor.prefab using Guid(5175215abd476495a9f9738b2ab104ec) Importer(815301076,1909f56bfc062723c751e8b465ee728b)  -> (artifact id: '2ef75b4a10b4e42e3bd672077cd2239f') in 0.020289 seconds
  Import took 0.023449 seconds .

========================================================================
Received Import Request.
  Time since last request: 77.908746 seconds.
  path: Assets/Bowling Kegel & Ball/Resources/Materials
  artifactKey: Guid(98f281133ea7443c0a776c14b9513ed8) Importer(815301076,1909f56bfc062723c751e8b465ee728b)
Start importing Assets/Bowling Kegel & Ball/Resources/Materials using Guid(98f281133ea7443c0a776c14b9513ed8) Importer(815301076,1909f56bfc062723c751e8b465ee728b)  -> (artifact id: '2b48353e3e4024cef3e9489dab76efd4') in 0.003398 seconds
  Import took 0.007138 seconds .

========================================================================
Received Import Request.
  Time since last request: 0.010176 seconds.
  path: Assets/Bowling Kegel & Ball/Resources/Materials
  artifactKey: Guid(98f281133ea7443c0a776c14b9513ed8) Importer(815301076,1909f56bfc062723c751e8b465ee728b)
Start importing Assets/Bowling Kegel & Ball/Resources/Materials using Guid(98f281133ea7443c0a776c14b9513ed8) Importer(815301076,1909f56bfc062723c751e8b465ee728b)  -> (artifact id: '2b48353e3e4024cef3e9489dab76efd4') in 0.004638 seconds
  Import took 0.008017 seconds .

========================================================================
Received Import Request.
  Time since last request: 0.020086 seconds.
  path: Assets/Bowling Kegel & Ball/Resources/Materials/Ball.mat
  artifactKey: Guid(fb5add3c4763c4bbaabc2af4aebe8967) Importer(815301076,1909f56bfc062723c751e8b465ee728b)
Start importing Assets/Bowling Kegel & Ball/Resources/Materials/Ball.mat using Guid(fb5add3c4763c4bbaabc2af4aebe8967) Importer(815301076,1909f56bfc062723c751e8b465ee728b)  -> (artifact id: 'cbd1d8b681b80fdc52f47d19bb541c7e') in 0.044085 seconds
  Import took 0.046587 seconds .

========================================================================
Received Import Request.
  Time since last request: 0.000319 seconds.
  path: Assets/Bowling Kegel & Ball/Resources/Materials/Floor.mat
  artifactKey: Guid(4086ba60a7f1045ca8d0935912bbecfe) Importer(815301076,1909f56bfc062723c751e8b465ee728b)
Start importing Assets/Bowling Kegel & Ball/Resources/Materials/Floor.mat using Guid(4086ba60a7f1045ca8d0935912bbecfe) Importer(815301076,1909f56bfc062723c751e8b465ee728b)  -> (artifact id: 'f62393dad4ab364793bd259e4a853196') in 0.029121 seconds
  Import took 0.031789 seconds .

========================================================================
Received Import Request.
  Time since last request: 0.000260 seconds.
  path: Assets/Bowling Kegel & Ball/Resources/Materials/Kegel.mat
  artifactKey: Guid(89ba2babb6d7140db92ff783f8da045e) Importer(815301076,1909f56bfc062723c751e8b465ee728b)
Start importing Assets/Bowling Kegel & Ball/Resources/Materials/Kegel.mat using Guid(89ba2babb6d7140db92ff783f8da045e) Importer(815301076,1909f56bfc062723c751e8b465ee728b)  -> (artifact id: '36892e422ac071964398f59f4dd11681') in 0.025976 seconds
  Import took 0.031004 seconds .

========================================================================
Received Import Request.
  Time since last request: 0.000480 seconds.
  path: Assets/Bowling Kegel & Ball/Resources/Materials/Floor.mat
  artifactKey: Guid(4086ba60a7f1045ca8d0935912bbecfe) Importer(815301076,1909f56bfc062723c751e8b465ee728b)
Start importing Assets/Bowling Kegel & Ball/Resources/Materials/Floor.mat using Guid(4086ba60a7f1045ca8d0935912bbecfe) Importer(815301076,1909f56bfc062723c751e8b465ee728b)  -> (artifact id: 'f62393dad4ab364793bd259e4a853196') in 0.016378 seconds
  Import took 0.021041 seconds .

========================================================================
Received Import Request.
  Time since last request: 33.994745 seconds.
  path: Assets/Bowling Kegel & Ball/Resources/Textures/Ball_AlbedoTransparency.png
  artifactKey: Guid(3ca92b25d953e47f4987779a9648fd92) Importer(815301076,1909f56bfc062723c751e8b465ee728b)
Start importing Assets/Bowling Kegel & Ball/Resources/Textures/Ball_AlbedoTransparency.png using Guid(3ca92b25d953e47f4987779a9648fd92) Importer(815301076,1909f56bfc062723c751e8b465ee728b)  -> (artifact id: '0b397b833b4d744e6d45d49800243f64') in 0.147471 seconds
  Import took 0.150610 seconds .

========================================================================
Received Import Request.
  Time since last request: 0.000357 seconds.
  path: Assets/Bowling Kegel & Ball/Resources/Textures/Kegel_AlbedoTransparency.png
  artifactKey: Guid(cc044e04b7f4e4a519afa63f44551d51) Importer(815301076,1909f56bfc062723c751e8b465ee728b)
Start importing Assets/Bowling Kegel & Ball/Resources/Textures/Kegel_AlbedoTransparency.png using Guid(cc044e04b7f4e4a519afa63f44551d51) Importer(815301076,1909f56bfc062723c751e8b465ee728b)  -> (artifact id: '5ebd2ef60d8046b5d0c9fd9a72d9c075') in 0.031860 seconds
  Import took 0.036057 seconds .

========================================================================
Received Import Request.
  Time since last request: 0.000369 seconds.
  path: Assets/Bowling Kegel & Ball/Resources/Textures/Ball_Normal.png
  artifactKey: Guid(31f8987ce808c4a37b04eae96da9dbbb) Importer(815301076,1909f56bfc062723c751e8b465ee728b)
Start importing Assets/Bowling Kegel & Ball/Resources/Textures/Ball_Normal.png using Guid(31f8987ce808c4a37b04eae96da9dbbb) Importer(815301076,1909f56bfc062723c751e8b465ee728b)  -> (artifact id: 'a0e6f82d4e4ef98843724124680a85ae') in 0.081378 seconds
  Import took 0.090590 seconds .

========================================================================
Received Import Request.
  Time since last request: 0.000499 seconds.
  path: Assets/Bowling Kegel & Ball/Resources/Textures/Ball_SpecularSmoothness.png
  artifactKey: Guid(2644d3bb8b1ed4ab2b2188eaf89f7523) Importer(815301076,1909f56bfc062723c751e8b465ee728b)
Start importing Assets/Bowling Kegel & Ball/Resources/Textures/Ball_SpecularSmoothness.png using Guid(2644d3bb8b1ed4ab2b2188eaf89f7523) Importer(815301076,1909f56bfc062723c751e8b465ee728b)  -> (artifact id: '65fa4eb11b33fe0f5ce22704a84e07b9') in 0.033550 seconds
  Import took 0.036878 seconds .

========================================================================
Received Import Request.
  Time since last request: 0.273313 seconds.
  path: Assets/Bowling Kegel & Ball/Resources/Geometry/Kegel&ball.fbx
  artifactKey: Guid(6a14dc0db365944f182482aba11ad830) Importer(815301076,1909f56bfc062723c751e8b465ee728b)
Start importing Assets/Bowling Kegel & Ball/Resources/Geometry/Kegel&ball.fbx using Guid(6a14dc0db365944f182482aba11ad830) Importer(815301076,1909f56bfc062723c751e8b465ee728b)  -> (artifact id: '48c6b18be3f5117f1b09a765b0ce32b6') in 0.124351 seconds
  Import took 0.128022 seconds .

========================================================================
Received Prepare
Registering precompiled user dll's ...
Registered in 0.004290 seconds.
Begin MonoManager ReloadAssembly
Native extension for WindowsStandalone target not found
Native extension for WebGL target not found
Refreshing native plugins compatible for Editor in 0.33 ms, found 0 plugins.
Preloading 0 native plugins for Editor in 0.00 ms.
Invoked RoslynAnalysisRunner static constructor.
RoslynAnalysisRunner will not be running.
RoslynAnalysisRunner has terminated.
Mono: successfully reloaded assembly
- Completed reload, in  1.494 seconds
Platform modules already initialized, skipping
Refreshing native plugins compatible for Editor in 0.24 ms, found 0 plugins.
Preloading 0 native plugins for Editor in 0.00 ms.
Unloading 1091 Unused Serialized files (Serialized files now loaded: 0)
System memory in use before: 62.0 MB.
System memory in use after: 62.1 MB.

Unloading 7 unused Assets to reduce memory usage. Loaded Objects now: 1605.
Total: 1.935500 ms (FindLiveObjects: 0.211300 ms CreateObjectMapping: 0.036300 ms MarkObjects: 1.608800 ms  DeleteObjects: 0.077900 ms)

========================================================================
Received Prepare
Registering precompiled user dll's ...
Registered in 0.000789 seconds.
Begin MonoManager ReloadAssembly
Native extension for WindowsStandalone target not found
Native extension for WebGL target not found
Refreshing native plugins compatible for Editor in 0.22 ms, found 0 plugins.
Preloading 0 native plugins for Editor in 0.00 ms.
Invoked RoslynAnalysisRunner static constructor.
RoslynAnalysisRunner will not be running.
RoslynAnalysisRunner has terminated.
Mono: successfully reloaded assembly
- Completed reload, in  0.975 seconds
Platform modules already initialized, skipping
Refreshing native plugins compatible for Editor in 0.20 ms, found 0 plugins.
Preloading 0 native plugins for Editor in 0.00 ms.
Unloading 1091 Unused Serialized files (Serialized files now loaded: 0)
System memory in use before: 62.2 MB.
System memory in use after: 62.3 MB.

Unloading 5 unused Assets to reduce memory usage. Loaded Objects now: 1607.
Total: 1.725400 ms (FindLiveObjects: 0.164700 ms CreateObjectMapping: 0.039900 ms MarkObjects: 1.432800 ms  DeleteObjects: 0.081300 ms)

========================================================================
Received Import Request.
  Time since last request: 596.757837 seconds.
  path: ProjectSettings/TagManager.asset
  artifactKey: Guid(00000000000000003000000000000000) Importer(815301076,1909f56bfc062723c751e8b465ee728b)
Start importing ProjectSettings/TagManager.asset using Guid(00000000000000003000000000000000) Importer(815301076,1909f56bfc062723c751e8b465ee728b)  -> (artifact id: '8988b340c206bb1d98ca0d47b0266d3b') in 0.041391 seconds
  Import took 0.047236 seconds .

========================================================================
Received Import Request.
  Time since last request: 39.917293 seconds.
  path: Assets/Scripts/ballControl.cs
  artifactKey: Guid(e138c33382f48ba44a4e293a892fb84e) Importer(815301076,1909f56bfc062723c751e8b465ee728b)
Start importing Assets/Scripts/ballControl.cs using Guid(e138c33382f48ba44a4e293a892fb84e) Importer(815301076,1909f56bfc062723c751e8b465ee728b)  -> (artifact id: '4938209d3857779d12cbbde42983376b') in 0.022354 seconds
  Import took 0.025589 seconds .

========================================================================
Received Import Request.
  Time since last request: 0.001574 seconds.
  path: Assets/Scripts/ballControl.cs
  artifactKey: Guid(e138c33382f48ba44a4e293a892fb84e) Importer(815301076,1909f56bfc062723c751e8b465ee728b)
Start importing Assets/Scripts/ballControl.cs using Guid(e138c33382f48ba44a4e293a892fb84e) Importer(815301076,1909f56bfc062723c751e8b465ee728b)  -> (artifact id: '4938209d3857779d12cbbde42983376b') in 0.006303 seconds
  Import took 0.009651 seconds .

========================================================================
Received Prepare
Registering precompiled user dll's ...
Registered in 0.000773 seconds.
Begin MonoManager ReloadAssembly
Native extension for WindowsStandalone target not found
Native extension for WebGL target not found
Refreshing native plugins compatible for Editor in 0.21 ms, found 0 plugins.
Preloading 0 native plugins for Editor in 0.00 ms.
Invoked RoslynAnalysisRunner static constructor.
RoslynAnalysisRunner will not be running.
RoslynAnalysisRunner has terminated.
Mono: successfully reloaded assembly
- Completed reload, in  0.958 seconds
Platform modules already initialized, skipping
Refreshing native plugins compatible for Editor in 0.21 ms, found 0 plugins.
Preloading 0 native plugins for Editor in 0.00 ms.
Unloading 1091 Unused Serialized files (Serialized files now loaded: 0)
System memory in use before: 61.6 MB.
System memory in use after: 61.6 MB.

Unloading 6 unused Assets to reduce memory usage. Loaded Objects now: 1609.
Total: 2.021400 ms (FindLiveObjects: 0.166200 ms CreateObjectMapping: 0.084000 ms MarkObjects: 1.673200 ms  DeleteObjects: 0.097000 ms)

========================================================================
Received Import Request.
  Time since last request: 96.101922 seconds.
  path: Assets/Scripts/ballControl.cs
  artifactKey: Guid(e138c33382f48ba44a4e293a892fb84e) Importer(815301076,1909f56bfc062723c751e8b465ee728b)
Start importing Assets/Scripts/ballControl.cs using Guid(e138c33382f48ba44a4e293a892fb84e) Importer(815301076,1909f56bfc062723c751e8b465ee728b)  -> (artifact id: 'a81ded7bb9142f4f0c40c28293dbf209') in 0.008278 seconds
  Import took 0.010890 seconds .

========================================================================
Received Prepare
Registering precompiled user dll's ...
Registered in 0.000781 seconds.
Begin MonoManager ReloadAssembly
Native extension for WindowsStandalone target not found
Native extension for WebGL target not found
Refreshing native plugins compatible for Editor in 0.21 ms, found 0 plugins.
Preloading 0 native plugins for Editor in 0.00 ms.
Invoked RoslynAnalysisRunner static constructor.
RoslynAnalysisRunner will not be running.
RoslynAnalysisRunner has terminated.
Mono: successfully reloaded assembly
- Completed reload, in  0.979 seconds
Platform modules already initialized, skipping
Refreshing native plugins compatible for Editor in 0.25 ms, found 0 plugins.
Preloading 0 native plugins for Editor in 0.00 ms.
Unloading 1091 Unused Serialized files (Serialized files now loaded: 0)
System memory in use before: 61.9 MB.
System memory in use after: 61.9 MB.

Unloading 5 unused Assets to reduce memory usage. Loaded Objects now: 1611.
Total: 2.039900 ms (FindLiveObjects: 0.156200 ms CreateObjectMapping: 0.075300 ms MarkObjects: 1.732300 ms  DeleteObjects: 0.074300 ms)

========================================================================
Received Import Request.
  Time since last request: 48.650505 seconds.
  path: Assets/Scripts/ballControl.cs
  artifactKey: Guid(e138c33382f48ba44a4e293a892fb84e) Importer(815301076,1909f56bfc062723c751e8b465ee728b)
Start importing Assets/Scripts/ballControl.cs using Guid(e138c33382f48ba44a4e293a892fb84e) Importer(815301076,1909f56bfc062723c751e8b465ee728b)  -> (artifact id: '6698568c96c58b917a4c01f6f09d1d7c') in 0.009690 seconds
  Import took 0.013523 seconds .

========================================================================
Received Prepare
Registering precompiled user dll's ...
Registered in 0.001043 seconds.
Begin MonoManager ReloadAssembly
Native extension for WindowsStandalone target not found
Native extension for WebGL target not found
Refreshing native plugins compatible for Editor in 0.21 ms, found 0 plugins.
Preloading 0 native plugins for Editor in 0.00 ms.
Invoked RoslynAnalysisRunner static constructor.
RoslynAnalysisRunner will not be running.
RoslynAnalysisRunner has terminated.
Mono: successfully reloaded assembly
- Completed reload, in  0.976 seconds
Platform modules already initialized, skipping
Refreshing native plugins compatible for Editor in 0.22 ms, found 0 plugins.
Preloading 0 native plugins for Editor in 0.00 ms.
Unloading 1091 Unused Serialized files (Serialized files now loaded: 0)
System memory in use before: 62.1 MB.
System memory in use after: 62.2 MB.

Unloading 5 unused Assets to reduce memory usage. Loaded Objects now: 1613.
Total: 1.771300 ms (FindLiveObjects: 0.148200 ms CreateObjectMapping: 0.039500 ms MarkObjects: 1.499600 ms  DeleteObjects: 0.083000 ms)

========================================================================
Received Import Request.
  Time since last request: 477.004079 seconds.
  path: Assets/Scripts/ballControl.cs
  artifactKey: Guid(e138c33382f48ba44a4e293a892fb84e) Importer(815301076,1909f56bfc062723c751e8b465ee728b)
Start importing Assets/Scripts/ballControl.cs using Guid(e138c33382f48ba44a4e293a892fb84e) Importer(815301076,1909f56bfc062723c751e8b465ee728b)  -> (artifact id: 'fc8075351d85ac210364b221734809ab') in 0.007022 seconds
  Import took 0.009750 seconds .

========================================================================
Received Prepare
Registering precompiled user dll's ...
Registered in 0.000812 seconds.
Begin MonoManager ReloadAssembly
Native extension for WindowsStandalone target not found
Native extension for WebGL target not found
Refreshing native plugins compatible for Editor in 0.26 ms, found 0 plugins.
Preloading 0 native plugins for Editor in 0.00 ms.
Invoked RoslynAnalysisRunner static constructor.
RoslynAnalysisRunner will not be running.
RoslynAnalysisRunner has terminated.
Mono: successfully reloaded assembly
- Completed reload, in  0.973 seconds
Platform modules already initialized, skipping
Refreshing native plugins compatible for Editor in 0.21 ms, found 0 plugins.
Preloading 0 native plugins for Editor in 0.00 ms.
Unloading 1091 Unused Serialized files (Serialized files now loaded: 0)
System memory in use before: 62.2 MB.
System memory in use after: 62.3 MB.

Unloading 5 unused Assets to reduce memory usage. Loaded Objects now: 1615.
Total: 3.873700 ms (FindLiveObjects: 0.360000 ms CreateObjectMapping: 0.041200 ms MarkObjects: 3.373100 ms  DeleteObjects: 0.097700 ms)

========================================================================
Received Import Request.
  Time since last request: 177.568618 seconds.
  path: Assets/Scripts/ballControl.cs
  artifactKey: Guid(e138c33382f48ba44a4e293a892fb84e) Importer(815301076,1909f56bfc062723c751e8b465ee728b)
Start importing Assets/Scripts/ballControl.cs using Guid(e138c33382f48ba44a4e293a892fb84e) Importer(815301076,1909f56bfc062723c751e8b465ee728b)  -> (artifact id: '6d2dbc7d180f87f0c75f48e00813990c') in 0.008217 seconds
  Import took 0.016113 seconds .

========================================================================
Received Prepare
Registering precompiled user dll's ...
Registered in 0.000899 seconds.
Begin MonoManager ReloadAssembly
Native extension for WindowsStandalone target not found
Native extension for WebGL target not found
Refreshing native plugins compatible for Editor in 0.20 ms, found 0 plugins.
Preloading 0 native plugins for Editor in 0.00 ms.
Invoked RoslynAnalysisRunner static constructor.
RoslynAnalysisRunner will not be running.
RoslynAnalysisRunner has terminated.
Mono: successfully reloaded assembly
- Completed reload, in  0.971 seconds
Platform modules already initialized, skipping
Refreshing native plugins compatible for Editor in 0.20 ms, found 0 plugins.
Preloading 0 native plugins for Editor in 0.00 ms.
Unloading 1091 Unused Serialized files (Serialized files now loaded: 0)
System memory in use before: 61.7 MB.
System memory in use after: 61.8 MB.

Unloading 5 unused Assets to reduce memory usage. Loaded Objects now: 1617.
Total: 3.018300 ms (FindLiveObjects: 0.206600 ms CreateObjectMapping: 0.080100 ms MarkObjects: 2.642400 ms  DeleteObjects: 0.087300 ms)

========================================================================
Received Import Request.
  Time since last request: 53.077811 seconds.
  path: Assets/Scripts/ballControl.cs
  artifactKey: Guid(e138c33382f48ba44a4e293a892fb84e) Importer(815301076,1909f56bfc062723c751e8b465ee728b)
Start importing Assets/Scripts/ballControl.cs using Guid(e138c33382f48ba44a4e293a892fb84e) Importer(815301076,1909f56bfc062723c751e8b465ee728b)  -> (artifact id: 'e379917c8f3a22f77e1116438320a163') in 0.005625 seconds
  Import took 0.010912 seconds .

========================================================================
Received Prepare
Registering precompiled user dll's ...
Registered in 0.000726 seconds.
Begin MonoManager ReloadAssembly
Native extension for WindowsStandalone target not found
Native extension for WebGL target not found
Refreshing native plugins compatible for Editor in 0.20 ms, found 0 plugins.
Preloading 0 native plugins for Editor in 0.00 ms.
Invoked RoslynAnalysisRunner static constructor.
RoslynAnalysisRunner will not be running.
RoslynAnalysisRunner has terminated.
Mono: successfully reloaded assembly
- Completed reload, in  1.022 seconds
Platform modules already initialized, skipping
Refreshing native plugins compatible for Editor in 0.22 ms, found 0 plugins.
Preloading 0 native plugins for Editor in 0.00 ms.
Unloading 1091 Unused Serialized files (Serialized files now loaded: 0)
System memory in use before: 62.0 MB.
System memory in use after: 62.1 MB.

Unloading 5 unused Assets to reduce memory usage. Loaded Objects now: 1619.
Total: 1.990800 ms (FindLiveObjects: 0.208500 ms CreateObjectMapping: 0.052900 ms MarkObjects: 1.543700 ms  DeleteObjects: 0.183700 ms)

========================================================================
Received Import Request.
  Time since last request: 148.583094 seconds.
  path: Assets/Scripts/ballControl.cs
  artifactKey: Guid(e138c33382f48ba44a4e293a892fb84e) Importer(815301076,1909f56bfc062723c751e8b465ee728b)
Start importing Assets/Scripts/ballControl.cs using Guid(e138c33382f48ba44a4e293a892fb84e) Importer(815301076,1909f56bfc062723c751e8b465ee728b)  -> (artifact id: '8d8603754379f210f87e76086b011b73') in 0.009540 seconds
  Import took 0.012229 seconds .

========================================================================
Received Import Request.
  Time since last request: 2.138272 seconds.
  path: Assets/Scripts/ballControl.cs
  artifactKey: Guid(e138c33382f48ba44a4e293a892fb84e) Importer(815301076,1909f56bfc062723c751e8b465ee728b)
Start importing Assets/Scripts/ballControl.cs using Guid(e138c33382f48ba44a4e293a892fb84e) Importer(815301076,1909f56bfc062723c751e8b465ee728b)  -> (artifact id: '8d8603754379f210f87e76086b011b73') in 0.008940 seconds
  Import took 0.011146 seconds .

========================================================================
Received Prepare
Registering precompiled user dll's ...
Registered in 0.001208 seconds.
Begin MonoManager ReloadAssembly
Native extension for WindowsStandalone target not found
Native extension for WebGL target not found
Refreshing native plugins compatible for Editor in 0.22 ms, found 0 plugins.
Preloading 0 native plugins for Editor in 0.00 ms.
Invoked RoslynAnalysisRunner static constructor.
RoslynAnalysisRunner will not be running.
RoslynAnalysisRunner has terminated.
Mono: successfully reloaded assembly
- Completed reload, in  0.990 seconds
Platform modules already initialized, skipping
Refreshing native plugins compatible for Editor in 0.23 ms, found 0 plugins.
Preloading 0 native plugins for Editor in 0.00 ms.
Unloading 1091 Unused Serialized files (Serialized files now loaded: 0)
System memory in use before: 62.3 MB.
System memory in use after: 62.3 MB.

Unloading 5 unused Assets to reduce memory usage. Loaded Objects now: 1621.
Total: 2.704500 ms (FindLiveObjects: 0.342900 ms CreateObjectMapping: 0.052900 ms MarkObjects: 2.212900 ms  DeleteObjects: 0.094300 ms)

========================================================================
Received Prepare
Registering precompiled user dll's ...
Registered in 0.000877 seconds.
Begin MonoManager ReloadAssembly
Native extension for WindowsStandalone target not found
Native extension for WebGL target not found
Refreshing native plugins compatible for Editor in 0.26 ms, found 0 plugins.
Preloading 0 native plugins for Editor in 0.00 ms.
Invoked RoslynAnalysisRunner static constructor.
RoslynAnalysisRunner will not be running.
RoslynAnalysisRunner has terminated.
Mono: successfully reloaded assembly
- Completed reload, in  1.000 seconds
Platform modules already initialized, skipping
Refreshing native plugins compatible for Editor in 0.21 ms, found 0 plugins.
Preloading 0 native plugins for Editor in 0.00 ms.
Unloading 1091 Unused Serialized files (Serialized files now loaded: 0)
System memory in use before: 61.6 MB.
System memory in use after: 61.7 MB.

Unloading 5 unused Assets to reduce memory usage. Loaded Objects now: 1623.
Total: 1.685500 ms (FindLiveObjects: 0.151800 ms CreateObjectMapping: 0.043700 ms MarkObjects: 1.441600 ms  DeleteObjects: 0.047100 ms)

========================================================================
Received Prepare
Registering precompiled user dll's ...
Registered in 0.000762 seconds.
Begin MonoManager ReloadAssembly
Native extension for WindowsStandalone target not found
Native extension for WebGL target not found
Refreshing native plugins compatible for Editor in 0.22 ms, found 0 plugins.
Preloading 0 native plugins for Editor in 0.00 ms.
Invoked RoslynAnalysisRunner static constructor.
RoslynAnalysisRunner will not be running.
RoslynAnalysisRunner has terminated.
Mono: successfully reloaded assembly
- Completed reload, in  0.962 seconds
Platform modules already initialized, skipping
Refreshing native plugins compatible for Editor in 0.21 ms, found 0 plugins.
Preloading 0 native plugins for Editor in 0.00 ms.
Unloading 1091 Unused Serialized files (Serialized files now loaded: 0)
System memory in use before: 61.9 MB.
System memory in use after: 62.0 MB.

Unloading 5 unused Assets to reduce memory usage. Loaded Objects now: 1625.
Total: 2.579500 ms (FindLiveObjects: 0.210500 ms CreateObjectMapping: 0.047700 ms MarkObjects: 2.221400 ms  DeleteObjects: 0.097800 ms)

========================================================================
Received Prepare
Registering precompiled user dll's ...
Registered in 0.000815 seconds.
Begin MonoManager ReloadAssembly
Native extension for WindowsStandalone target not found
Native extension for WebGL target not found
Refreshing native plugins compatible for Editor in 0.21 ms, found 0 plugins.
Preloading 0 native plugins for Editor in 0.00 ms.
Invoked RoslynAnalysisRunner static constructor.
RoslynAnalysisRunner will not be running.
RoslynAnalysisRunner has terminated.
Mono: successfully reloaded assembly
- Completed reload, in  0.960 seconds
Platform modules already initialized, skipping
Refreshing native plugins compatible for Editor in 0.34 ms, found 0 plugins.
Preloading 0 native plugins for Editor in 0.00 ms.
Unloading 1091 Unused Serialized files (Serialized files now loaded: 0)
System memory in use before: 62.2 MB.
System memory in use after: 62.2 MB.

Unloading 5 unused Assets to reduce memory usage. Loaded Objects now: 1627.
Total: 4.629200 ms (FindLiveObjects: 0.197500 ms CreateObjectMapping: 0.051300 ms MarkObjects: 4.301300 ms  DeleteObjects: 0.077500 ms)

========================================================================
Received Prepare
Registering precompiled user dll's ...
Registered in 0.000980 seconds.
Begin MonoManager ReloadAssembly
Native extension for WindowsStandalone target not found
Native extension for WebGL target not found
Refreshing native plugins compatible for Editor in 0.26 ms, found 0 plugins.
Preloading 0 native plugins for Editor in 0.00 ms.
Invoked RoslynAnalysisRunner static constructor.
RoslynAnalysisRunner will not be running.
RoslynAnalysisRunner has terminated.
Mono: successfully reloaded assembly
- Completed reload, in  0.946 seconds
Platform modules already initialized, skipping
Refreshing native plugins compatible for Editor in 0.22 ms, found 0 plugins.
Preloading 0 native plugins for Editor in 0.00 ms.
Unloading 1091 Unused Serialized files (Serialized files now loaded: 0)
System memory in use before: 62.3 MB.
System memory in use after: 62.3 MB.

Unloading 5 unused Assets to reduce memory usage. Loaded Objects now: 1629.
Total: 2.096800 ms (FindLiveObjects: 0.147800 ms CreateObjectMapping: 0.040600 ms MarkObjects: 1.854800 ms  DeleteObjects: 0.052400 ms)

AssetImportWorkerClient::OnTransportError - code=2 error=End of file
